<?xml version="1.0" encoding="UTF-8"?>
<!-- Generated by org.testng.reporters.JUnitReportReporter -->
<testsuite hostname="DESKTOP-H9D4RVL" failures="0" tests="2" name="modual1.RegisterTest" time="0.019" errors="0" timestamp="2022-07-25T10:57:59 IST" skipped="0">
  <testcase classname="modual1.RegisterTest" name="positiveRegister" time="0.010"/>
  <system-out/>
  <testcase classname="modual1.RegisterTest" name="negativeRegister" time="0.009"/>
  <system-out/>
</testsuite> <!-- modual1.RegisterTest -->
